<?xml version="1.0" encoding="UTF-8"?>
<!-- Generated by org.testng.reporters.JUnitReportReporter -->
<testsuite skipped="0" hostname="DESKTOP-937KOTT" name="testCases.ParallelTestingAPI.chromeTest" tests="1" failures="0" timestamp="2020-01-09T18:41:37 EST" time="21.711" errors="0">
  <testcase name="test1" time="21.711" classname="testCases.ParallelTestingAPI.chromeTest"/>
</testsuite> <!-- testCases.ParallelTestingAPI.chromeTest -->
