<?xml version="1.0" encoding="UTF-8"?>
<!-- Generated by org.testng.reporters.JUnitReportReporter -->
<testsuite skipped="0" hostname="DESKTOP-937KOTT" name="testCases.ParallelTestingAPI.firefoxTest" tests="1" failures="0" timestamp="2020-01-09T18:41:37 EST" time="37.012" errors="0">
  <testcase name="test2" time="37.012" classname="testCases.ParallelTestingAPI.firefoxTest"/>
</testsuite> <!-- testCases.ParallelTestingAPI.firefoxTest -->
